<?xml version="1.0" encoding="UTF-8"?>
<!-- Generated by org.testng.reporters.JUnitReportReporter -->
<testsuite hostname="DESKTOP-BP7NV3R" failures="0" tests="1" name="TestCase1" time="0.016" errors="0" timestamp="2022-03-01T17:08:04 IST" skipped="0">
  <testcase classname="TestCase1" name="tc" time="0.016"/>
  <system-out/>
</testsuite> <!-- TestCase1 -->
